2024.11.20 22:20:12 INFO  Started: Metals version 1.4.1 in folders '/Users/ruquanzhang/workspace/spark/generic-test' for client Windsurf 1.94.0.
2024.11.20 22:20:12 WARN  Flyway upgrade recommended: H2 2.3.232 is newer than this version of Flyway and support has not been tested. The latest supported version of H2 is 2.2.224.
2024.11.20 22:20:12 INFO  no build target found for /Users/ruquanzhang/workspace/spark/generic-test/src/main/scala/com/example/SparkApp.scala. Using presentation compiler with project's scala-library version: 3.3.4
Nov. 20, 2024 10:20:16 P.M. org.eclipse.lsp4j.jsonrpc.RemoteEndpoint handleCancellation
WARNING: Unmatched cancel notification for request id 1
2024.11.20 22:20:23 INFO  running '/Library/Java/JavaVirtualMachines/temurin-17.jdk/Contents/Home/bin/java -Djline.terminal=jline.UnsupportedTerminal -Dsbt.log.noformat=true -Dfile.encoding=UTF-8 -Dsbt.version=1.10.5 -jar /var/folders/p6/214xf33j2ng_t277_11jjphw0000gn/T/metals2928729698766955572/sbt-launch.jar -Dbloop.export-jar-classifiers=sources bloopInstall'
2024.11.20 22:20:23 ERROR [info] [launcher] getting org.scala-sbt sbt 1.10.5  (this may take some time)...
2024.11.20 22:20:23 WARN  no build target for: /Users/ruquanzhang/workspace/spark/generic-test/project/metals.sbt
2024.11.20 22:20:24 WARN  no build target for: /Users/ruquanzhang/workspace/spark/generic-test/project/project/metals.sbt
2024.11.20 22:20:24 INFO  no build target found for /Users/ruquanzhang/workspace/spark/generic-test/project/metals.sbt. Using presentation compiler with project's scala-library version: 3.3.4
2024.11.20 22:20:24 INFO  no build target found for /Users/ruquanzhang/workspace/spark/generic-test/project/project/metals.sbt. Using presentation compiler with project's scala-library version: 3.3.4
2024.11.20 22:20:27 ERROR [info] [launcher] getting Scala 2.12.20 (for sbt)...
2024.11.20 22:20:28 INFO  no build target found for /Users/ruquanzhang/workspace/spark/generic-test/src/main/scala/com/example/SparkApp.scala. Using presentation compiler with project's scala-library version: 3.3.4
2024.11.20 22:20:28 INFO  no build target found for /Users/ruquanzhang/workspace/spark/generic-test/src/main/scala/com/example/SparkApp.scala. Using presentation compiler with project's scala-library version: 3.3.4
2024.11.20 22:20:28 INFO  no build target found for /Users/ruquanzhang/workspace/spark/generic-test/src/main/scala/com/example/SparkApp.scala. Using presentation compiler with project's scala-library version: 3.3.4
2024.11.20 22:20:28 INFO  no build target found for /Users/ruquanzhang/workspace/spark/generic-test/src/main/scala/com/example/SparkApp.scala. Using presentation compiler with project's scala-library version: 3.3.4
2024.11.20 22:20:28 INFO  [info] Updated file /Users/ruquanzhang/workspace/spark/generic-test/project/build.properties: set sbt.version to 1.10.5
2024.11.20 22:20:28 INFO  [info] welcome to sbt 1.10.5 (Eclipse Adoptium Java 17.0.6)
2024.11.20 22:20:29 INFO  no build target found for /Users/ruquanzhang/workspace/spark/generic-test/src/main/scala/com/example/SparkApp.scala. Using presentation compiler with project's scala-library version: 3.3.4
2024.11.20 22:20:28 INFO  [info] loading settings for project generic-test-build-build-build from metals.sbt ...
2024.11.20 22:20:30 INFO  [info] loading project definition from /Users/ruquanzhang/workspace/spark/generic-test/project/project/project
2024.11.20 22:20:30 INFO  no build target found for /Users/ruquanzhang/workspace/spark/generic-test/src/main/scala/com/example/SparkApp.scala. Using presentation compiler with project's scala-library version: 3.3.4
2024.11.20 22:20:31 INFO  [info] loading settings for project generic-test-build-build from metals.sbt ...
2024.11.20 22:20:31 INFO  [info] loading project definition from /Users/ruquanzhang/workspace/spark/generic-test/project/project
2024.11.20 22:20:32 INFO  no build target found for /Users/ruquanzhang/workspace/spark/generic-test/src/main/scala/com/example/SparkApp.scala. Using presentation compiler with project's scala-library version: 3.3.4
2024.11.20 22:20:32 INFO  [success] Generated .bloop/generic-test-build-build.json
2024.11.20 22:20:32 INFO  [success] Total time: 1 s, completed Nov. 20, 2024, 10:20:32 p.m.
2024.11.20 22:20:32 INFO  [info] loading settings for project generic-test-build from metals.sbt,plugins.sbt ...
2024.11.20 22:20:32 INFO  [info] loading project definition from /Users/ruquanzhang/workspace/spark/generic-test/project
2024.11.20 22:20:34 INFO  [success] Generated .bloop/generic-test-build.json
2024.11.20 22:20:34 INFO  [success] Total time: 1 s, completed Nov. 20, 2024, 10:20:34 p.m.
2024.11.20 22:20:34 INFO  [info] loading settings for project generic-test from build.sbt ...
2024.11.20 22:20:34 INFO  [info] set current project to spark-generic-test (in build file:/Users/ruquanzhang/workspace/spark/generic-test/)
2024.11.20 22:20:36 INFO  no build target found for /Users/ruquanzhang/workspace/spark/generic-test/src/main/scala/com/example/SparkApp.scala. Using presentation compiler with project's scala-library version: 3.3.4
2024.11.20 22:20:36 INFO  no build target found for /Users/ruquanzhang/workspace/spark/generic-test/src/main/scala/com/example/SparkApp.scala. Using presentation compiler with project's scala-library version: 3.3.4
2024.11.20 22:20:36 INFO  no build target found for /Users/ruquanzhang/workspace/spark/generic-test/src/main/scala/com/example/SparkApp.scala. Using presentation compiler with project's scala-library version: 3.3.4
2024.11.20 22:20:37 INFO  no build target found for /Users/ruquanzhang/workspace/spark/generic-test/src/main/scala/com/example/SparkApp.scala. Using presentation compiler with project's scala-library version: 3.3.4
2024.11.20 22:20:41 INFO  [success] Generated .bloop/generic-test.json
2024.11.20 22:20:41 INFO  [success] Generated .bloop/generic-test-test.json
2024.11.20 22:20:41 INFO  [success] Total time: 7 s, completed Nov. 20, 2024, 10:20:41 p.m.
2024.11.20 22:20:41 INFO  time: ran 'sbt bloopInstall' in 18s
2024.11.20 22:20:41 INFO  Attempting to connect to the build server...
2024.11.20 22:20:41 INFO  No running Bloop server found, starting one.
2024.11.20 22:20:43 INFO  Starting compilation server
2024.11.20 22:20:44 INFO  tracing is disabled for protocol BSP, to enable tracing of incoming and outgoing JSON messages create an empty file at /Users/ruquanzhang/workspace/spark/generic-test/.metals/bsp.trace.json or /Users/ruquanzhang/Library/Caches/org.scalameta.metals/bsp.trace.json
2024.11.20 22:20:46 INFO  Attempting to connect to the build server...
2024.11.20 22:20:46 INFO  Found a Bloop server running
2024.11.20 22:20:46 INFO  Attempting to connect to the build server...
2024.11.20 22:20:46 INFO  Found a Bloop server running
2024.11.20 22:20:46 INFO  tracing is disabled for protocol BSP, to enable tracing of incoming and outgoing JSON messages create an empty file at /Users/ruquanzhang/workspace/spark/generic-test/project/project/.metals/bsp.trace.json or /Users/ruquanzhang/Library/Caches/org.scalameta.metals/bsp.trace.json
2024.11.20 22:20:46 INFO  tracing is disabled for protocol BSP, to enable tracing of incoming and outgoing JSON messages create an empty file at /Users/ruquanzhang/workspace/spark/generic-test/project/.metals/bsp.trace.json or /Users/ruquanzhang/Library/Caches/org.scalameta.metals/bsp.trace.json
2024.11.20 22:20:46 INFO  time: Connected to build server in 4.59s
2024.11.20 22:20:46 INFO  Connected to Build server: Bloop v2.0.5
2024.11.20 22:20:46 INFO  running doctor check
2024.11.20 22:20:46 INFO  java targets: generic-test, generic-test-test, generic-test-build-build, generic-test-build
2024.11.20 22:20:46 WARN  2.12.15 is no longer supported in the current Metals versions, using the last known supported version 1.3.3
2024.11.20 22:20:49 WARN  Flyway upgrade recommended: H2 2.3.232 is newer than this version of Flyway and support has not been tested. The latest supported version of H2 is 2.2.224.
2024.11.20 22:21:06 INFO  time: indexed workspace in 19s
2024.11.20 22:21:06 INFO  compiling generic-test (1 scala source)
2024.11.20 22:21:06 INFO  Non-compiled module 'compiler-bridge_2.12' for Scala 2.12.15. Compiling...
2024.11.20 22:21:11 INFO  Compilation completed in 4.309s.
2024.11.20 22:21:13 INFO  time: compiled generic-test in 6.31s
2024.11.20 22:23:38 INFO  running '/Library/Java/JavaVirtualMachines/temurin-17.jdk/Contents/Home/bin/java -Djline.terminal=jline.UnsupportedTerminal -Dsbt.log.noformat=true -Dfile.encoding=UTF-8 -jar /var/folders/p6/214xf33j2ng_t277_11jjphw0000gn/T/metals18152463992386275217/sbt-launch.jar -Dbloop.export-jar-classifiers=sources bloopInstall'
2024.11.20 22:23:38 INFO  [info] welcome to sbt 1.10.5 (Eclipse Adoptium Java 17.0.6)
2024.11.20 22:23:38 INFO  [info] loading settings for project generic-test-build-build-build from metals.sbt ...
2024.11.20 22:23:38 INFO  [info] loading project definition from /Users/ruquanzhang/workspace/spark/generic-test/project/project/project
2024.11.20 22:23:40 INFO  [info] loading settings for project generic-test-build-build from metals.sbt ...
2024.11.20 22:23:40 INFO  [info] loading project definition from /Users/ruquanzhang/workspace/spark/generic-test/project/project
2024.11.20 22:23:40 INFO  [success] Generated .bloop/generic-test-build-build.json
2024.11.20 22:23:41 INFO  [success] Total time: 1 s, completed Nov. 20, 2024, 10:23:41 p.m.
2024.11.20 22:23:41 INFO  [info] loading settings for project generic-test-build from metals.sbt,plugins.sbt ...
2024.11.20 22:23:41 INFO  [info] loading project definition from /Users/ruquanzhang/workspace/spark/generic-test/project
2024.11.20 22:23:41 INFO  [success] Generated .bloop/generic-test-build.json
2024.11.20 22:23:41 INFO  [success] Total time: 0 s, completed Nov. 20, 2024, 10:23:41 p.m.
2024.11.20 22:23:42 INFO  [info] loading settings for project generic-test from build.sbt ...
2024.11.20 22:23:42 INFO  [info] set current project to spark-generic-test (in build file:/Users/ruquanzhang/workspace/spark/generic-test/)
2024.11.20 22:23:44 INFO  [success] Generated .bloop/generic-test-test.json
2024.11.20 22:23:44 INFO  [success] Generated .bloop/generic-test.json
2024.11.20 22:23:44 INFO  [success] Total time: 2 s, completed Nov. 20, 2024, 10:23:44 p.m.
2024.11.20 22:23:44 INFO  time: ran 'sbt bloopInstall' in 6.23s
2024.11.20 22:23:44 INFO  Disconnecting from Bloop session...
2024.11.20 22:23:44 INFO  Shut down connection with build server.
2024.11.20 22:23:44 INFO  Shut down connection with build server.
2024.11.20 22:23:44 INFO  Shut down connection with build server.
2024.11.20 22:23:44 INFO  Attempting to connect to the build server...
2024.11.20 22:23:44 INFO  Found a Bloop server running
2024.11.20 22:23:44 INFO  tracing is disabled for protocol BSP, to enable tracing of incoming and outgoing JSON messages create an empty file at /Users/ruquanzhang/workspace/spark/generic-test/.metals/bsp.trace.json or /Users/ruquanzhang/Library/Caches/org.scalameta.metals/bsp.trace.json
2024.11.20 22:23:44 INFO  Attempting to connect to the build server...
2024.11.20 22:23:44 INFO  Found a Bloop server running
2024.11.20 22:23:44 INFO  Attempting to connect to the build server...
2024.11.20 22:23:44 INFO  Found a Bloop server running
2024.11.20 22:23:44 INFO  tracing is disabled for protocol BSP, to enable tracing of incoming and outgoing JSON messages create an empty file at /Users/ruquanzhang/workspace/spark/generic-test/project/project/.metals/bsp.trace.json or /Users/ruquanzhang/Library/Caches/org.scalameta.metals/bsp.trace.json
2024.11.20 22:23:44 INFO  tracing is disabled for protocol BSP, to enable tracing of incoming and outgoing JSON messages create an empty file at /Users/ruquanzhang/workspace/spark/generic-test/project/.metals/bsp.trace.json or /Users/ruquanzhang/Library/Caches/org.scalameta.metals/bsp.trace.json
2024.11.20 22:23:44 INFO  time: Connected to build server in 0.32s
2024.11.20 22:23:44 INFO  Connected to Build server: Bloop v2.0.5
2024.11.20 22:23:44 INFO  running doctor check
2024.11.20 22:23:44 INFO  java targets: generic-test, generic-test-test, generic-test-build-build, generic-test-build
2024.11.20 22:23:46 INFO  time: indexed workspace in 1.92s
2024.11.20 22:23:46 INFO  compiling generic-test (1 scala source)
2024.11.20 22:23:46 INFO  time: compiled generic-test in 0.69s
Downloading https://repo1.maven.org/maven2/org/scala-lang/scala-reflect/2.13.11/scala-reflect-2.13.11.pom
Downloading https://repo1.maven.org/maven2/org/scalameta/scalafmt-core_2.13/3.7.15/scalafmt-core_2.13-3.7.15.pom
Downloaded https://repo1.maven.org/maven2/org/scalameta/scalafmt-core_2.13/3.7.15/scalafmt-core_2.13-3.7.15.pom
Downloaded https://repo1.maven.org/maven2/org/scala-lang/scala-reflect/2.13.11/scala-reflect-2.13.11.pom
Downloading https://repo1.maven.org/maven2/org/scalameta/scalafmt-config_2.13/3.7.15/scalafmt-config_2.13-3.7.15.pom
Downloading https://repo1.maven.org/maven2/org/scalameta/scalameta_2.13/4.8.12/scalameta_2.13-4.8.12.pom
Downloading https://repo1.maven.org/maven2/org/scala-lang/scala-library/2.13.11/scala-library-2.13.11.pom
Downloading https://repo1.maven.org/maven2/org/scalameta/scalafmt-sysops_2.13/3.7.15/scalafmt-sysops_2.13-3.7.15.pom
Downloaded https://repo1.maven.org/maven2/org/scalameta/scalafmt-config_2.13/3.7.15/scalafmt-config_2.13-3.7.15.pom
Downloaded https://repo1.maven.org/maven2/org/scalameta/scalameta_2.13/4.8.12/scalameta_2.13-4.8.12.pom
Downloaded https://repo1.maven.org/maven2/org/scala-lang/scala-library/2.13.11/scala-library-2.13.11.pom
Downloaded https://repo1.maven.org/maven2/org/scalameta/scalafmt-sysops_2.13/3.7.15/scalafmt-sysops_2.13-3.7.15.pom
Downloading https://repo1.maven.org/maven2/com/geirsson/metaconfig-typesafe-config_2.13/0.12.0/metaconfig-typesafe-config_2.13-0.12.0.pom
Downloading https://repo1.maven.org/maven2/org/scala-lang/scala-library/2.13.12/scala-library-2.13.12.pom
Downloading https://repo1.maven.org/maven2/com/geirsson/metaconfig-core_2.13/0.12.0/metaconfig-core_2.13-0.12.0.pom
Downloading https://repo1.maven.org/maven2/org/scalameta/parsers_2.13/4.8.12/parsers_2.13-4.8.12.pom
Downloaded https://repo1.maven.org/maven2/org/scala-lang/scala-library/2.13.12/scala-library-2.13.12.pom
Downloaded https://repo1.maven.org/maven2/com/geirsson/metaconfig-typesafe-config_2.13/0.12.0/metaconfig-typesafe-config_2.13-0.12.0.pom
Downloaded https://repo1.maven.org/maven2/org/scalameta/parsers_2.13/4.8.12/parsers_2.13-4.8.12.pom
Downloaded https://repo1.maven.org/maven2/com/geirsson/metaconfig-core_2.13/0.12.0/metaconfig-core_2.13-0.12.0.pom
Downloading https://repo1.maven.org/maven2/com/geirsson/metaconfig-pprint_2.13/0.12.0/metaconfig-pprint_2.13-0.12.0.pom
Downloading https://repo1.maven.org/maven2/org/scala-lang/scala-compiler/2.13.12/scala-compiler-2.13.12.pom
Downloading https://repo1.maven.org/maven2/org/scalameta/trees_2.13/4.8.12/trees_2.13-4.8.12.pom
Downloading https://repo1.maven.org/maven2/org/scala-lang/modules/scala-collection-compat_2.13/2.11.0/scala-collection-compat_2.13-2.11.0.pom
Downloading https://repo1.maven.org/maven2/com/typesafe/config/1.4.1/config-1.4.1.pom
Downloading https://repo1.maven.org/maven2/org/typelevel/paiges-core_2.13/0.4.3/paiges-core_2.13-0.4.3.pom
Downloaded https://repo1.maven.org/maven2/com/geirsson/metaconfig-pprint_2.13/0.12.0/metaconfig-pprint_2.13-0.12.0.pom
Downloaded https://repo1.maven.org/maven2/org/scalameta/trees_2.13/4.8.12/trees_2.13-4.8.12.pom
Downloaded https://repo1.maven.org/maven2/org/scala-lang/scala-compiler/2.13.12/scala-compiler-2.13.12.pom
Downloaded https://repo1.maven.org/maven2/org/scala-lang/modules/scala-collection-compat_2.13/2.11.0/scala-collection-compat_2.13-2.11.0.pom
Downloaded https://repo1.maven.org/maven2/com/typesafe/config/1.4.1/config-1.4.1.pom
Downloaded https://repo1.maven.org/maven2/org/typelevel/paiges-core_2.13/0.4.3/paiges-core_2.13-0.4.3.pom
Downloading https://repo1.maven.org/maven2/com/lihaoyi/fansi_2.13/0.4.0/fansi_2.13-0.4.0.pom
Downloading https://repo1.maven.org/maven2/org/scala-lang/scala-reflect/2.13.12/scala-reflect-2.13.12.pom
Downloading https://repo1.maven.org/maven2/net/java/dev/jna/jna/5.13.0/jna-5.13.0.pom
Downloading https://repo1.maven.org/maven2/org/scalameta/common_2.13/4.8.12/common_2.13-4.8.12.pom
Downloading https://repo1.maven.org/maven2/org/jline/jline/3.22.0/jline-3.22.0.pom
Downloaded https://repo1.maven.org/maven2/org/scala-lang/scala-reflect/2.13.12/scala-reflect-2.13.12.pom
Downloaded https://repo1.maven.org/maven2/net/java/dev/jna/jna/5.13.0/jna-5.13.0.pom
Downloaded https://repo1.maven.org/maven2/org/scalameta/common_2.13/4.8.12/common_2.13-4.8.12.pom
Downloaded https://repo1.maven.org/maven2/com/lihaoyi/fansi_2.13/0.4.0/fansi_2.13-0.4.0.pom
Downloaded https://repo1.maven.org/maven2/org/jline/jline/3.22.0/jline-3.22.0.pom
Downloading https://repo1.maven.org/maven2/org/jline/jline-parent/3.22.0/jline-parent-3.22.0.pom
Downloaded https://repo1.maven.org/maven2/org/jline/jline-parent/3.22.0/jline-parent-3.22.0.pom
Downloading https://repo1.maven.org/maven2/com/lihaoyi/sourcecode_2.13/0.3.1/sourcecode_2.13-0.3.1.pom
Downloaded https://repo1.maven.org/maven2/com/lihaoyi/sourcecode_2.13/0.3.1/sourcecode_2.13-0.3.1.pom
Downloading https://repo1.maven.org/maven2/org/scalameta/scalameta_2.13/4.8.12/scalameta_2.13-4.8.12.jar
Downloading https://repo1.maven.org/maven2/org/scala-lang/scala-reflect/2.13.12/scala-reflect-2.13.12.jar
Downloading https://repo1.maven.org/maven2/org/scalameta/common_2.13/4.8.12/common_2.13-4.8.12.jar
Downloading https://repo1.maven.org/maven2/com/typesafe/config/1.4.1/config-1.4.1.jar
Downloading https://repo1.maven.org/maven2/org/scala-lang/scala-library/2.13.12/scala-library-2.13.12.jar
Downloading https://repo1.maven.org/maven2/com/geirsson/metaconfig-typesafe-config_2.13/0.12.0/metaconfig-typesafe-config_2.13-0.12.0.jar
Downloaded https://repo1.maven.org/maven2/com/geirsson/metaconfig-typesafe-config_2.13/0.12.0/metaconfig-typesafe-config_2.13-0.12.0.jar
Downloading https://repo1.maven.org/maven2/org/scala-lang/modules/scala-collection-compat_2.13/2.11.0/scala-collection-compat_2.13-2.11.0.jar
Downloaded https://repo1.maven.org/maven2/org/scala-lang/modules/scala-collection-compat_2.13/2.11.0/scala-collection-compat_2.13-2.11.0.jar
Downloading https://repo1.maven.org/maven2/com/geirsson/metaconfig-pprint_2.13/0.12.0/metaconfig-pprint_2.13-0.12.0.jar
Downloaded https://repo1.maven.org/maven2/com/typesafe/config/1.4.1/config-1.4.1.jar
Downloading https://repo1.maven.org/maven2/net/java/dev/jna/jna/5.13.0/jna-5.13.0.jar
Downloaded https://repo1.maven.org/maven2/com/geirsson/metaconfig-pprint_2.13/0.12.0/metaconfig-pprint_2.13-0.12.0.jar
Downloading https://repo1.maven.org/maven2/org/scalameta/trees_2.13/4.8.12/trees_2.13-4.8.12.jar
Downloaded https://repo1.maven.org/maven2/org/scalameta/scalameta_2.13/4.8.12/scalameta_2.13-4.8.12.jar
Downloading https://repo1.maven.org/maven2/org/scalameta/scalafmt-sysops_2.13/3.7.15/scalafmt-sysops_2.13-3.7.15.jar
Downloaded https://repo1.maven.org/maven2/org/scalameta/scalafmt-sysops_2.13/3.7.15/scalafmt-sysops_2.13-3.7.15.jar
Downloading https://repo1.maven.org/maven2/com/geirsson/metaconfig-core_2.13/0.12.0/metaconfig-core_2.13-0.12.0.jar
Downloaded https://repo1.maven.org/maven2/com/geirsson/metaconfig-core_2.13/0.12.0/metaconfig-core_2.13-0.12.0.jar
Downloading https://repo1.maven.org/maven2/org/typelevel/paiges-core_2.13/0.4.3/paiges-core_2.13-0.4.3.jar
Downloaded https://repo1.maven.org/maven2/net/java/dev/jna/jna/5.13.0/jna-5.13.0.jar
Downloading https://repo1.maven.org/maven2/org/scala-lang/scala-compiler/2.13.12/scala-compiler-2.13.12.jar
Downloaded https://repo1.maven.org/maven2/org/scalameta/common_2.13/4.8.12/common_2.13-4.8.12.jar
Downloading https://repo1.maven.org/maven2/org/jline/jline/3.22.0/jline-3.22.0.jar
Downloaded https://repo1.maven.org/maven2/org/scala-lang/scala-reflect/2.13.12/scala-reflect-2.13.12.jar
Downloading https://repo1.maven.org/maven2/org/scalameta/scalafmt-config_2.13/3.7.15/scalafmt-config_2.13-3.7.15.jar
Downloaded https://repo1.maven.org/maven2/org/typelevel/paiges-core_2.13/0.4.3/paiges-core_2.13-0.4.3.jar
Downloading https://repo1.maven.org/maven2/com/lihaoyi/sourcecode_2.13/0.3.1/sourcecode_2.13-0.3.1.jar
Downloaded https://repo1.maven.org/maven2/org/jline/jline/3.22.0/jline-3.22.0.jar
Downloading https://repo1.maven.org/maven2/org/scalameta/scalafmt-core_2.13/3.7.15/scalafmt-core_2.13-3.7.15.jar
Downloaded https://repo1.maven.org/maven2/org/scalameta/scalafmt-config_2.13/3.7.15/scalafmt-config_2.13-3.7.15.jar
Downloading https://repo1.maven.org/maven2/org/scalameta/parsers_2.13/4.8.12/parsers_2.13-4.8.12.jar
Downloaded https://repo1.maven.org/maven2/com/lihaoyi/sourcecode_2.13/0.3.1/sourcecode_2.13-0.3.1.jar
Downloading https://repo1.maven.org/maven2/com/lihaoyi/fansi_2.13/0.4.0/fansi_2.13-0.4.0.jar
Downloaded https://repo1.maven.org/maven2/org/scala-lang/scala-library/2.13.12/scala-library-2.13.12.jar
Downloaded https://repo1.maven.org/maven2/org/scalameta/parsers_2.13/4.8.12/parsers_2.13-4.8.12.jar
Downloaded https://repo1.maven.org/maven2/org/scalameta/scalafmt-core_2.13/3.7.15/scalafmt-core_2.13-3.7.15.jar
Downloaded https://repo1.maven.org/maven2/com/lihaoyi/fansi_2.13/0.4.0/fansi_2.13-0.4.0.jar
Downloaded https://repo1.maven.org/maven2/org/scalameta/trees_2.13/4.8.12/trees_2.13-4.8.12.jar
Downloaded https://repo1.maven.org/maven2/org/scala-lang/scala-compiler/2.13.12/scala-compiler-2.13.12.jar
2024.11.20 22:26:00 INFO  compiling generic-test (1 scala source)
2024.11.20 22:26:00 INFO  time: compiled generic-test in 0.63s
2024.11.20 22:26:16 WARN  Could not load snapshot text for /Users/ruquanzhang/workspace/spark/generic-test/src/main/scala/com/example/SparkApp.scala
2024.11.20 22:26:28 WARN  Could not load snapshot text for /Users/ruquanzhang/workspace/spark/generic-test/src/main/scala/com/example/SparkApp.scala
2024.11.20 22:27:15 INFO  compiling generic-test (1 scala source)
2024.11.20 22:27:15 WARN  Could not load snapshot text for /Users/ruquanzhang/workspace/spark/generic-test/src/main/scala/com/example/SparkApp.scala
2024.11.20 22:27:15 INFO  time: compiled generic-test in 0.71s
2024.11.20 22:34:40 INFO  skipping build import with status 'Dismissed'
2024.11.20 22:35:47 INFO  Shutting down server
2024.11.20 22:35:47 INFO  shutting down Metals
2024.11.20 22:35:47 INFO  Shut down connection with build server.
2024.11.20 22:35:47 INFO  Shut down connection with build server.
2024.11.20 22:35:47 INFO  Shut down connection with build server.
2024.11.20 22:35:47 INFO  Exiting server
2024.11.20 22:54:38 INFO  Started: Metals version 1.4.1 in folders '/Users/ruquanzhang/workspace/spark/generic-test' for client Windsurf 1.94.0.
2024.11.20 22:54:38 WARN  Flyway upgrade recommended: H2 2.3.232 is newer than this version of Flyway and support has not been tested. The latest supported version of H2 is 2.2.224.
2024.11.20 22:54:38 INFO  no build target found for /Users/ruquanzhang/workspace/spark/generic-test/src/main/scala/com/example/SparkApp.scala. Using presentation compiler with project's scala-library version: 3.3.4
2024.11.20 22:54:39 INFO  Attempting to connect to the build server...
2024.11.20 22:54:39 INFO  Found a Bloop server running
2024.11.20 22:54:39 INFO  tracing is disabled for protocol BSP, to enable tracing of incoming and outgoing JSON messages create an empty file at /Users/ruquanzhang/workspace/spark/generic-test/.metals/bsp.trace.json or /Users/ruquanzhang/Library/Caches/org.scalameta.metals/bsp.trace.json
2024.11.20 22:54:39 INFO  Attempting to connect to the build server...
2024.11.20 22:54:39 INFO  Found a Bloop server running
2024.11.20 22:54:39 INFO  Attempting to connect to the build server...
2024.11.20 22:54:39 INFO  Found a Bloop server running
2024.11.20 22:54:39 INFO  tracing is disabled for protocol BSP, to enable tracing of incoming and outgoing JSON messages create an empty file at /Users/ruquanzhang/workspace/spark/generic-test/project/.metals/bsp.trace.json or /Users/ruquanzhang/Library/Caches/org.scalameta.metals/bsp.trace.json
2024.11.20 22:54:39 INFO  tracing is disabled for protocol BSP, to enable tracing of incoming and outgoing JSON messages create an empty file at /Users/ruquanzhang/workspace/spark/generic-test/project/project/.metals/bsp.trace.json or /Users/ruquanzhang/Library/Caches/org.scalameta.metals/bsp.trace.json
2024.11.20 22:54:39 INFO  time: Connected to build server in 0.38s
2024.11.20 22:54:39 INFO  Connected to Build server: Bloop v2.0.5
2024.11.20 22:54:39 INFO  no build target found for /Users/ruquanzhang/workspace/spark/generic-test/src/main/scala/com/example/SparkApp.scala. Using presentation compiler with project's scala-library version: 2.12.20
2024.11.20 22:54:39 INFO  running doctor check
2024.11.20 22:54:39 INFO  java targets: generic-test, generic-test-test, generic-test-build-build, generic-test-build
2024.11.20 22:54:39 WARN  2.12.15 is no longer supported in the current Metals versions, using the last known supported version 1.3.3
Nov. 20, 2024 10:54:39 P.M. org.eclipse.lsp4j.jsonrpc.RemoteEndpoint handleCancellation
WARNING: Unmatched cancel notification for request id 3
2024.11.20 22:54:43 WARN  Flyway upgrade recommended: H2 2.3.232 is newer than this version of Flyway and support has not been tested. The latest supported version of H2 is 2.2.224.
2024.11.20 22:54:44 INFO  time: indexed workspace in 5.13s
Nov. 20, 2024 11:02:02 P.M. org.eclipse.lsp4j.jsonrpc.RemoteEndpoint handleCancellation
WARNING: Unmatched cancel notification for request id 21
2024.11.20 23:05:08 INFO  running '/opt/homebrew/bin/sbt -Dbloop.export-jar-classifiers=sources bloopInstall'
2024.11.20 23:05:08 INFO  copying runtime jar...
2024.11.20 23:05:13 INFO  [info] welcome to sbt 1.10.5 (Eclipse Adoptium Java 17.0.6)
2024.11.20 23:05:13 INFO  [info] loading settings for project generic-test-build-build-build from metals.sbt ...
2024.11.20 23:05:13 INFO  [info] loading project definition from /Users/ruquanzhang/workspace/spark/generic-test/project/project/project
2024.11.20 23:05:13 INFO  [info] loading settings for project generic-test-build-build from metals.sbt ...
2024.11.20 23:05:14 INFO  [info] loading project definition from /Users/ruquanzhang/workspace/spark/generic-test/project/project
2024.11.20 23:05:14 INFO  [success] Generated .bloop/generic-test-build-build.json
2024.11.20 23:05:14 INFO  [success] Total time: 1 s, completed Nov. 20, 2024, 11:05:15 p.m.
2024.11.20 23:05:14 INFO  [info] loading settings for project generic-test-build from metals.sbt,plugins.sbt ...
2024.11.20 23:05:14 INFO  [info] loading project definition from /Users/ruquanzhang/workspace/spark/generic-test/project
2024.11.20 23:05:15 INFO  [success] Generated .bloop/generic-test-build.json
2024.11.20 23:05:15 INFO  [success] Total time: 0 s, completed Nov. 20, 2024, 11:05:15 p.m.
2024.11.20 23:05:15 INFO  [info] loading settings for project generic-test from build.sbt ...
2024.11.20 23:05:16 INFO  [info] set current project to spark-generic-test (in build file:/Users/ruquanzhang/workspace/spark/generic-test/)
2024.11.20 23:05:19 INFO  [success] Generated .bloop/generic-test-test.json
2024.11.20 23:05:19 INFO  [success] Generated .bloop/generic-test.json
2024.11.20 23:05:19 INFO  [success] Total time: 3 s, completed Nov. 20, 2024, 11:05:19 p.m.
2024.11.20 23:05:19 INFO  time: ran 'sbt bloopInstall' in 11s
2024.11.20 23:05:19 INFO  Disconnecting from Bloop session...
2024.11.20 23:05:19 INFO  Shut down connection with build server.
2024.11.20 23:05:19 INFO  Shut down connection with build server.
2024.11.20 23:05:19 INFO  Shut down connection with build server.
2024.11.20 23:05:19 INFO  Attempting to connect to the build server...
2024.11.20 23:05:19 INFO  Found a Bloop server running
2024.11.20 23:05:19 INFO  tracing is disabled for protocol BSP, to enable tracing of incoming and outgoing JSON messages create an empty file at /Users/ruquanzhang/workspace/spark/generic-test/.metals/bsp.trace.json or /Users/ruquanzhang/Library/Caches/org.scalameta.metals/bsp.trace.json
2024.11.20 23:05:20 INFO  Attempting to connect to the build server...
2024.11.20 23:05:20 INFO  Found a Bloop server running
2024.11.20 23:05:20 INFO  Attempting to connect to the build server...
2024.11.20 23:05:20 INFO  Found a Bloop server running
2024.11.20 23:05:20 INFO  tracing is disabled for protocol BSP, to enable tracing of incoming and outgoing JSON messages create an empty file at /Users/ruquanzhang/workspace/spark/generic-test/project/.metals/bsp.trace.json or /Users/ruquanzhang/Library/Caches/org.scalameta.metals/bsp.trace.json
2024.11.20 23:05:20 INFO  tracing is disabled for protocol BSP, to enable tracing of incoming and outgoing JSON messages create an empty file at /Users/ruquanzhang/workspace/spark/generic-test/project/project/.metals/bsp.trace.json or /Users/ruquanzhang/Library/Caches/org.scalameta.metals/bsp.trace.json
2024.11.20 23:05:20 INFO  time: Connected to build server in 0.28s
2024.11.20 23:05:20 INFO  Connected to Build server: Bloop v2.0.5
2024.11.20 23:05:19 INFO  running doctor check
2024.11.20 23:05:19 INFO  java targets: generic-test, generic-test-test, generic-test-build-build, generic-test-build
2024.11.20 23:05:34 INFO  time: indexed workspace in 14s
2024.11.20 23:05:34 INFO  compiling generic-test (1 scala source)
2024.11.20 23:05:40 INFO  time: compiled generic-test in 6.17s
2024.11.20 23:07:24 INFO  running '/opt/homebrew/bin/sbt -Dbloop.export-jar-classifiers=sources bloopInstall'
2024.11.20 23:07:25 INFO  [info] welcome to sbt 1.10.5 (Eclipse Adoptium Java 17.0.6)
2024.11.20 23:07:25 INFO  [info] loading settings for project generic-test-build-build-build from metals.sbt ...
2024.11.20 23:07:25 INFO  [info] loading project definition from /Users/ruquanzhang/workspace/spark/generic-test/project/project/project
2024.11.20 23:07:26 INFO  [info] loading settings for project generic-test-build-build from metals.sbt ...
2024.11.20 23:07:26 INFO  [info] loading project definition from /Users/ruquanzhang/workspace/spark/generic-test/project/project
2024.11.20 23:07:26 INFO  [success] Generated .bloop/generic-test-build-build.json
2024.11.20 23:07:28 INFO  [success] Total time: 1 s, completed Nov. 20, 2024, 11:07:28 p.m.
2024.11.20 23:07:28 INFO  [info] loading settings for project generic-test-build from metals.sbt,plugins.sbt ...
2024.11.20 23:07:28 INFO  [info] loading project definition from /Users/ruquanzhang/workspace/spark/generic-test/project
2024.11.20 23:07:28 INFO  [success] Generated .bloop/generic-test-build.json
2024.11.20 23:07:28 INFO  [success] Total time: 0 s, completed Nov. 20, 2024, 11:07:28 p.m.
2024.11.20 23:07:29 INFO  [info] loading settings for project generic-test from build.sbt ...
2024.11.20 23:07:29 INFO  [info] set current project to spark-generic-test (in build file:/Users/ruquanzhang/workspace/spark/generic-test/)
2024.11.20 23:07:30 INFO  [success] Generated .bloop/generic-test-test.json
2024.11.20 23:07:30 INFO  [success] Generated .bloop/generic-test.json
2024.11.20 23:07:30 INFO  [success] Total time: 1 s, completed Nov. 20, 2024, 11:07:30 p.m.
2024.11.20 23:07:30 INFO  time: ran 'sbt bloopInstall' in 5.82s
2024.11.20 23:07:30 INFO  Disconnecting from Bloop session...
2024.11.20 23:07:30 INFO  Shut down connection with build server.
2024.11.20 23:07:30 INFO  Shut down connection with build server.
2024.11.20 23:07:30 INFO  Shut down connection with build server.
2024.11.20 23:07:30 INFO  Attempting to connect to the build server...
2024.11.20 23:07:30 INFO  Found a Bloop server running
2024.11.20 23:07:30 INFO  tracing is disabled for protocol BSP, to enable tracing of incoming and outgoing JSON messages create an empty file at /Users/ruquanzhang/workspace/spark/generic-test/.metals/bsp.trace.json or /Users/ruquanzhang/Library/Caches/org.scalameta.metals/bsp.trace.json
2024.11.20 23:07:30 INFO  Attempting to connect to the build server...
2024.11.20 23:07:30 INFO  Found a Bloop server running
2024.11.20 23:07:30 INFO  Attempting to connect to the build server...
2024.11.20 23:07:30 INFO  Found a Bloop server running
2024.11.20 23:07:30 INFO  tracing is disabled for protocol BSP, to enable tracing of incoming and outgoing JSON messages create an empty file at /Users/ruquanzhang/workspace/spark/generic-test/project/project/.metals/bsp.trace.json or /Users/ruquanzhang/Library/Caches/org.scalameta.metals/bsp.trace.json
2024.11.20 23:07:30 INFO  tracing is disabled for protocol BSP, to enable tracing of incoming and outgoing JSON messages create an empty file at /Users/ruquanzhang/workspace/spark/generic-test/project/.metals/bsp.trace.json or /Users/ruquanzhang/Library/Caches/org.scalameta.metals/bsp.trace.json
2024.11.20 23:07:30 INFO  time: Connected to build server in 0.24s
2024.11.20 23:07:30 INFO  Connected to Build server: Bloop v2.0.5
2024.11.20 23:07:30 INFO  running doctor check
2024.11.20 23:07:30 INFO  java targets: generic-test, generic-test-test, generic-test-build-build, generic-test-build
2024.11.20 23:07:32 INFO  time: indexed workspace in 1.63s
2024.11.20 23:07:41 INFO  skipping build import with status 'Dismissed'
2024.11.21 18:56:55 INFO  running '/opt/homebrew/bin/sbt -Dbloop.export-jar-classifiers=sources bloopInstall'
2024.11.21 18:56:58 INFO  [info] welcome to sbt 1.10.5 (Eclipse Adoptium Java 17.0.6)
2024.11.21 18:56:58 INFO  [info] loading settings for project generic-test-build-build-build from metals.sbt ...
2024.11.21 18:56:59 INFO  [info] loading project definition from /Users/ruquanzhang/workspace/spark/generic-test/project/project/project
2024.11.21 18:56:59 INFO  [info] loading settings for project generic-test-build-build from metals.sbt ...
2024.11.21 18:56:59 INFO  [info] loading project definition from /Users/ruquanzhang/workspace/spark/generic-test/project/project
2024.11.21 18:57:02 INFO  [success] Generated .bloop/generic-test-build-build.json
2024.11.21 18:57:02 INFO  [success] Total time: 2 s, completed Nov. 21, 2024, 6:57:02 p.m.
2024.11.21 18:57:02 INFO  [info] loading settings for project generic-test-build from metals.sbt,plugins.sbt ...
2024.11.21 18:57:03 INFO  [info] loading project definition from /Users/ruquanzhang/workspace/spark/generic-test/project
2024.11.21 18:57:05 INFO  [success] Generated .bloop/generic-test-build.json
2024.11.21 18:57:05 INFO  [success] Total time: 2 s, completed Nov. 21, 2024, 6:57:05 p.m.
2024.11.21 18:57:09 INFO  [info] loading settings for project generic-test from build.sbt ...
2024.11.21 18:57:09 INFO  [info] set current project to spark-generic-test (in build file:/Users/ruquanzhang/workspace/spark/generic-test/)
2024.11.21 18:57:21 INFO  [warn] 
2024.11.21 18:57:21 INFO  [warn] 	Note: Unresolved dependencies path:
2024.11.21 18:57:21 INFO  [error] Couldn't run bloopGenerate. The issue could be caused by failing to compile the project.
2024.11.21 18:57:21 INFO  [warn] Removed stale /Users/ruquanzhang/workspace/spark/generic-test/.bloop/generic-test-test.json
2024.11.21 18:57:21 INFO  [warn] Removed stale /Users/ruquanzhang/workspace/spark/generic-test/.bloop/generic-test.json
2024.11.21 18:57:21 INFO  [error] sbt.librarymanagement.ResolveException: Error downloading org.apache.spark:spark-jdbc_2.12:3.5.0
2024.11.21 18:57:21 INFO  [error]   Not found
2024.11.21 18:57:21 INFO  [error]   Not found
2024.11.21 18:57:21 INFO  [error]   not found: /Users/ruquanzhang/.ivy2/localorg.apache.spark/spark-jdbc_2.12/3.5.0/ivys/ivy.xml
2024.11.21 18:57:21 INFO  [error]   not found: https://repo1.maven.org/maven2/org/apache/spark/spark-jdbc_2.12/3.5.0/spark-jdbc_2.12-3.5.0.pom
2024.11.21 18:57:21 INFO  [error] 	at lmcoursier.CoursierDependencyResolution.unresolvedWarningOrThrow(CoursierDependencyResolution.scala:346)
2024.11.21 18:57:21 INFO  [error] 	at lmcoursier.CoursierDependencyResolution.$anonfun$update$39(CoursierDependencyResolution.scala:315)
2024.11.21 18:57:21 INFO  [error] 	at scala.util.Either$LeftProjection.map(Either.scala:573)
2024.11.21 18:57:21 INFO  [error] 	at lmcoursier.CoursierDependencyResolution.update(CoursierDependencyResolution.scala:315)
2024.11.21 18:57:21 INFO  [error] 	at sbt.librarymanagement.DependencyResolution.update(DependencyResolution.scala:60)
2024.11.21 18:57:21 INFO  [error] 	at sbt.internal.LibraryManagement$.resolve$1(LibraryManagement.scala:60)
2024.11.21 18:57:21 INFO  [error] 	at sbt.internal.LibraryManagement$.$anonfun$cachedUpdate$12(LibraryManagement.scala:142)
2024.11.21 18:57:21 INFO  [error] 	at sbt.util.Tracked$.$anonfun$lastOutput$1(Tracked.scala:74)
2024.11.21 18:57:21 INFO  [error] 	at sbt.internal.LibraryManagement$.$anonfun$cachedUpdate$11(LibraryManagement.scala:144)
2024.11.21 18:57:21 INFO  [error] 	at sbt.internal.LibraryManagement$.$anonfun$cachedUpdate$11$adapted(LibraryManagement.scala:131)
2024.11.21 18:57:21 INFO  [error] 	at sbt.util.Tracked$.$anonfun$inputChangedW$1(Tracked.scala:220)
2024.11.21 18:57:21 INFO  [error] 	at sbt.internal.LibraryManagement$.cachedUpdate(LibraryManagement.scala:169)
2024.11.21 18:57:21 INFO  [error] 	at sbt.Classpaths$.$anonfun$updateTask0$1(Defaults.scala:3888)
2024.11.21 18:57:21 INFO  [error] 	at scala.Function1.$anonfun$compose$1(Function1.scala:49)
2024.11.21 18:57:21 INFO  [error] 	at sbt.internal.util.$tilde$greater.$anonfun$$u2219$1(TypeFunctions.scala:63)
2024.11.21 18:57:21 INFO  [error] 	at sbt.std.Transform$$anon$4.work(Transform.scala:69)
2024.11.21 18:57:21 INFO  [error] 	at sbt.Execute.$anonfun$submit$2(Execute.scala:283)
2024.11.21 18:57:21 INFO  [error] 	at sbt.internal.util.ErrorHandling$.wideConvert(ErrorHandling.scala:24)
2024.11.21 18:57:21 INFO  [error] 	at sbt.Execute.work(Execute.scala:292)
2024.11.21 18:57:21 INFO  [error] 	at sbt.Execute.$anonfun$submit$1(Execute.scala:283)
2024.11.21 18:57:21 INFO  [error] 	at sbt.ConcurrentRestrictions$$anon$4.$anonfun$submitValid$1(ConcurrentRestrictions.scala:265)
2024.11.21 18:57:21 INFO  [error] 	at sbt.CompletionService$$anon$2.call(CompletionService.scala:65)
2024.11.21 18:57:21 INFO  [error] 	at java.base/java.util.concurrent.FutureTask.run(FutureTask.java:264)
2024.11.21 18:57:21 INFO  [error] 	at java.base/java.util.concurrent.Executors$RunnableAdapter.call(Executors.java:539)
2024.11.21 18:57:21 INFO  [error] 	at java.base/java.util.concurrent.FutureTask.run(FutureTask.java:264)
2024.11.21 18:57:21 INFO  [error] 	at java.base/java.util.concurrent.ThreadPoolExecutor.runWorker(ThreadPoolExecutor.java:1136)
2024.11.21 18:57:21 INFO  [error] 	at java.base/java.util.concurrent.ThreadPoolExecutor$Worker.run(ThreadPoolExecutor.java:635)
2024.11.21 18:57:21 INFO  [error] 	at java.base/java.lang.Thread.run(Thread.java:833)
2024.11.21 18:57:21 INFO  [error] (update) sbt.librarymanagement.ResolveException: Error downloading org.apache.spark:spark-jdbc_2.12:3.5.0
2024.11.21 18:57:21 INFO  [error]   Not found
2024.11.21 18:57:21 INFO  [error]   Not found
2024.11.21 18:57:21 INFO  [error]   not found: /Users/ruquanzhang/.ivy2/localorg.apache.spark/spark-jdbc_2.12/3.5.0/ivys/ivy.xml
2024.11.21 18:57:21 INFO  [error]   not found: https://repo1.maven.org/maven2/org/apache/spark/spark-jdbc_2.12/3.5.0/spark-jdbc_2.12-3.5.0.pom
2024.11.21 18:57:21 INFO  [error] Total time: 11 s, completed Nov. 21, 2024, 6:57:21 p.m.
2024.11.21 18:57:21 INFO  time: ran 'sbt bloopInstall' in 25s
2024.11.21 18:57:21 INFO  Disconnecting from Bloop session...
2024.11.21 18:57:21 ERROR sbt command failed: /opt/homebrew/bin/sbt -Dbloop.export-jar-classifiers=sources bloopInstall
2024.11.21 18:57:21 INFO  Shut down connection with build server.
2024.11.21 18:57:21 INFO  Shut down connection with build server.
2024.11.21 18:57:21 INFO  Shut down connection with build server.
2024.11.21 18:57:21 INFO  Attempting to connect to the build server...
2024.11.21 18:57:21 INFO  Found a Bloop server running
2024.11.21 18:57:21 INFO  tracing is disabled for protocol BSP, to enable tracing of incoming and outgoing JSON messages create an empty file at /Users/ruquanzhang/workspace/spark/generic-test/.metals/bsp.trace.json or /Users/ruquanzhang/Library/Caches/org.scalameta.metals/bsp.trace.json
2024.11.21 18:57:21 INFO  Attempting to connect to the build server...
2024.11.21 18:57:21 INFO  Found a Bloop server running
2024.11.21 18:57:21 INFO  Attempting to connect to the build server...
2024.11.21 18:57:21 INFO  Found a Bloop server running
2024.11.21 18:57:21 INFO  tracing is disabled for protocol BSP, to enable tracing of incoming and outgoing JSON messages create an empty file at /Users/ruquanzhang/workspace/spark/generic-test/project/project/.metals/bsp.trace.json or /Users/ruquanzhang/Library/Caches/org.scalameta.metals/bsp.trace.json
2024.11.21 18:57:21 INFO  tracing is disabled for protocol BSP, to enable tracing of incoming and outgoing JSON messages create an empty file at /Users/ruquanzhang/workspace/spark/generic-test/project/.metals/bsp.trace.json or /Users/ruquanzhang/Library/Caches/org.scalameta.metals/bsp.trace.json
2024.11.21 18:57:21 INFO  time: Connected to build server in 0.38s
2024.11.21 18:57:21 INFO  Connected to Build server: Bloop v2.0.5
2024.11.21 18:57:21 INFO  time: Imported build in 0.15s
2024.11.21 18:57:21 INFO  running doctor check
2024.11.21 18:57:21 INFO  java targets: generic-test-build-build, generic-test-build
2024.11.21 18:57:21 INFO  no build target found for /Users/ruquanzhang/workspace/spark/generic-test/src/main/scala/com/example/SparkApp.scala. Using presentation compiler with project's scala-library version: 2.12.20
2024.11.21 18:57:35 INFO  no build target found for /Users/ruquanzhang/workspace/spark/generic-test/src/main/scala/com/example/SparkApp.scala. Using presentation compiler with project's scala-library version: 2.12.20
2024.11.21 18:57:50 INFO  time: indexed workspace in 28s
2024.11.21 18:57:51 WARN  no build target for: /Users/ruquanzhang/workspace/spark/generic-test/src/main/scala/com/example/SparkApp.scala
2024.11.21 18:57:51 INFO  no build target found for /Users/ruquanzhang/workspace/spark/generic-test/src/main/scala/com/example/SparkApp.scala. Using presentation compiler with project's scala-library version: 2.12.20
2024.11.21 18:57:51 INFO  no build target found for /Users/ruquanzhang/workspace/spark/generic-test/src/main/scala/com/example/SparkApp.scala. Using presentation compiler with project's scala-library version: 2.12.20
Nov. 21, 2024 6:58:27 P.M. org.eclipse.lsp4j.jsonrpc.RemoteEndpoint handleCancellation
WARNING: Unmatched cancel notification for request id 371
2024.11.21 18:58:34 INFO  no build target found for /Users/ruquanzhang/workspace/spark/generic-test/src/main/scala/com/example/SparkApp.scala. Using presentation compiler with project's scala-library version: 2.12.20
2024.11.21 18:58:36 INFO  no build target found for /Users/ruquanzhang/workspace/spark/generic-test/src/main/scala/com/example/SparkApp.scala. Using presentation compiler with project's scala-library version: 2.12.20
2024.11.21 18:58:36 INFO  no build target found for /Users/ruquanzhang/workspace/spark/generic-test/src/main/scala/com/example/SparkApp.scala. Using presentation compiler with project's scala-library version: 2.12.20
2024.11.21 18:58:36 INFO  no build target found for /Users/ruquanzhang/workspace/spark/generic-test/src/main/scala/com/example/SparkApp.scala. Using presentation compiler with project's scala-library version: 2.12.20
2024.11.21 19:01:30 INFO  no build target found for /Users/ruquanzhang/workspace/spark/generic-test/src/main/scala/com/example/SparkApp.scala. Using presentation compiler with project's scala-library version: 2.12.20
2024.11.21 19:03:10 INFO  no build target found for /Users/ruquanzhang/workspace/spark/generic-test/src/main/scala/com/example/SparkApp.scala. Using presentation compiler with project's scala-library version: 2.12.20
2024.11.21 19:03:10 INFO  no build target found for /Users/ruquanzhang/workspace/spark/generic-test/src/main/scala/com/example/SparkApp.scala. Using presentation compiler with project's scala-library version: 2.12.20
2024.11.21 19:03:10 INFO  no build target found for /Users/ruquanzhang/workspace/spark/generic-test/src/main/scala/com/example/SparkApp.scala. Using presentation compiler with project's scala-library version: 2.12.20
2024.11.21 19:03:12 INFO  time: code lens generation in 2.2s
2024.11.21 19:04:06 INFO  no build target found for /Users/ruquanzhang/workspace/spark/generic-test/src/main/scala/com/example/SparkApp.scala. Using presentation compiler with project's scala-library version: 2.12.20
2024.11.21 19:04:25 INFO  no build target found for /Users/ruquanzhang/workspace/spark/generic-test/src/main/scala/com/example/SparkApp.scala. Using presentation compiler with project's scala-library version: 2.12.20
2024.11.21 19:04:25 INFO  no build target found for /Users/ruquanzhang/workspace/spark/generic-test/src/main/scala/com/example/SparkApp.scala. Using presentation compiler with project's scala-library version: 2.12.20
Nov. 21, 2024 7:04:31 P.M. org.eclipse.lsp4j.jsonrpc.RemoteEndpoint handleCancellation
WARNING: Unmatched cancel notification for request id 460
2024.11.21 19:05:52 INFO  no build target found for /Users/ruquanzhang/workspace/spark/generic-test/src/main/scala/com/example/SparkApp.scala. Using presentation compiler with project's scala-library version: 2.12.20
2024.11.21 19:10:33 INFO  no build target found for /Users/ruquanzhang/workspace/spark/generic-test/src/main/scala/com/example/SparkApp.scala. Using presentation compiler with project's scala-library version: 2.12.20
2024.11.21 19:10:33 INFO  no build target found for /Users/ruquanzhang/workspace/spark/generic-test/src/main/scala/com/example/SparkApp.scala. Using presentation compiler with project's scala-library version: 2.12.20
2024.11.21 19:10:34 INFO  no build target found for /Users/ruquanzhang/workspace/spark/generic-test/src/main/scala/com/example/SparkApp.scala. Using presentation compiler with project's scala-library version: 2.12.20
Nov. 21, 2024 7:13:18 P.M. org.eclipse.lsp4j.jsonrpc.RemoteEndpoint handleCancellation
WARNING: Unmatched cancel notification for request id 587
Nov. 21, 2024 7:13:28 P.M. org.eclipse.lsp4j.jsonrpc.RemoteEndpoint handleCancellation
WARNING: Unmatched cancel notification for request id 621
2024.11.21 19:14:52 INFO  no build target found for /Users/ruquanzhang/workspace/spark/generic-test/src/main/scala/com/example/SparkApp.scala. Using presentation compiler with project's scala-library version: 2.12.20
2024.11.21 19:14:52 INFO  no build target found for /Users/ruquanzhang/workspace/spark/generic-test/src/main/scala/com/example/SparkApp.scala. Using presentation compiler with project's scala-library version: 2.12.20
2024.11.21 19:14:52 INFO  no build target found for /Users/ruquanzhang/workspace/spark/generic-test/src/main/scala/com/example/SparkApp.scala. Using presentation compiler with project's scala-library version: 2.12.20
2024.11.21 19:15:08 INFO  no build target found for /Users/ruquanzhang/workspace/spark/generic-test/src/main/scala/com/example/SparkApp.scala. Using presentation compiler with project's scala-library version: 2.12.20
2024.11.21 19:15:08 INFO  no build target found for /Users/ruquanzhang/workspace/spark/generic-test/src/main/scala/com/example/SparkApp.scala. Using presentation compiler with project's scala-library version: 2.12.20
2024.11.21 19:15:08 INFO  no build target found for /Users/ruquanzhang/workspace/spark/generic-test/src/main/scala/com/example/SparkApp.scala. Using presentation compiler with project's scala-library version: 2.12.20
2024.11.21 19:15:22 INFO  no build target found for /Users/ruquanzhang/workspace/spark/generic-test/src/main/scala/com/example/SparkApp.scala. Using presentation compiler with project's scala-library version: 2.12.20
2024.11.21 19:15:38 INFO  no build target found for /Users/ruquanzhang/workspace/spark/generic-test/src/main/scala/com/example/SparkApp.scala. Using presentation compiler with project's scala-library version: 2.12.20
2024.11.21 19:15:38 INFO  no build target found for /Users/ruquanzhang/workspace/spark/generic-test/src/main/scala/com/example/SparkApp.scala. Using presentation compiler with project's scala-library version: 2.12.20
2024.11.21 19:15:38 INFO  no build target found for /Users/ruquanzhang/workspace/spark/generic-test/src/main/scala/com/example/SparkApp.scala. Using presentation compiler with project's scala-library version: 2.12.20
2024.11.21 19:16:07 INFO  no build target found for /Users/ruquanzhang/workspace/spark/generic-test/src/main/scala/com/example/SparkApp.scala. Using presentation compiler with project's scala-library version: 2.12.20
2024.11.21 19:16:07 INFO  no build target found for /Users/ruquanzhang/workspace/spark/generic-test/src/main/scala/com/example/SparkApp.scala. Using presentation compiler with project's scala-library version: 2.12.20
2024.11.21 19:16:07 INFO  no build target found for /Users/ruquanzhang/workspace/spark/generic-test/src/main/scala/com/example/SparkApp.scala. Using presentation compiler with project's scala-library version: 2.12.20
2024.11.21 19:16:08 INFO  no build target found for /Users/ruquanzhang/workspace/spark/generic-test/src/main/scala/com/example/SparkApp.scala. Using presentation compiler with project's scala-library version: 2.12.20
2024.11.21 19:16:08 INFO  no build target found for /Users/ruquanzhang/workspace/spark/generic-test/src/main/scala/com/example/SparkApp.scala. Using presentation compiler with project's scala-library version: 2.12.20
Nov. 21, 2024 7:17:01 P.M. org.eclipse.lsp4j.jsonrpc.RemoteEndpoint handleCancellation
WARNING: Unmatched cancel notification for request id 971
2024.11.21 19:17:52 INFO  no build target found for /Users/ruquanzhang/workspace/spark/generic-test/src/main/scala/com/example/SparkApp.scala. Using presentation compiler with project's scala-library version: 2.12.20
2024.11.21 19:24:58 INFO  no build target found for /Users/ruquanzhang/workspace/spark/generic-test/src/main/scala/com/example/SparkApp.scala. Using presentation compiler with project's scala-library version: 2.12.20
2024.11.21 19:25:10 INFO  no build target found for /Users/ruquanzhang/workspace/spark/generic-test/src/main/scala/com/example/SparkApp.scala. Using presentation compiler with project's scala-library version: 2.12.20
